2024-03-21 09:18:26 [INFO ] kopo.poly.JpaClassPrjApplication - Starting JpaClassPrjApplication using Java 17.0.9 with PID 25936 (C:\JavaPRJ\JPAClassPRJ\build\classes\java\main started by data8316-19 in C:\JavaPRJ\JPAClassPRJ)
2024-03-21 09:18:26 [INFO ] kopo.poly.JpaClassPrjApplication - No active profile set, falling back to 1 default profile: "default"
2024-03-21 09:18:32 [INFO ] kopo.poly.JpaClassPrjApplication - Started JpaClassPrjApplication in 5.921 seconds (process running for 6.864)
2024-03-21 09:18:37 [INFO ] k.poly.controller.NoticeController - kopo.poly.controller.NoticeController.noticeList Start!
2024-03-21 09:18:37 [INFO ] k.poly.service.impl.NoticeService - kopo.poly.service.impl.NoticeService.getNoticeList Start!
2024-03-21 09:18:37 [INFO ] k.poly.service.impl.NoticeService - kopo.poly.service.impl.NoticeService.getNoticeList End!
2024-03-21 09:18:37 [INFO ] k.poly.controller.NoticeController - kopo.poly.controller.NoticeController.noticeList End!
2024-03-21 09:21:22 [INFO ] k.poly.controller.NoticeController - kopo.poly.controller.NoticeController.noticeList Start!
2024-03-21 09:21:22 [INFO ] k.poly.service.impl.NoticeService - kopo.poly.service.impl.NoticeService.getNoticeList Start!
2024-03-21 09:21:22 [INFO ] k.poly.service.impl.NoticeService - kopo.poly.service.impl.NoticeService.getNoticeList End!
2024-03-21 09:21:22 [INFO ] k.poly.controller.NoticeController - kopo.poly.controller.NoticeController.noticeList End!
2024-03-21 09:21:28 [INFO ] k.poly.controller.NoticeController - kopo.poly.controller.NoticeController.noticeReg Start!
2024-03-21 09:21:28 [INFO ] k.poly.controller.NoticeController - kopo.poly.controller.NoticeController.noticeReg End!
2024-03-21 09:21:36 [INFO ] k.poly.controller.NoticeController - kopo.poly.controller.NoticeController.noticeInsert Start!
2024-03-21 09:21:36 [INFO ] k.poly.controller.NoticeController - session user_id : USER01
2024-03-21 09:21:36 [INFO ] k.poly.controller.NoticeController - title : 2
2024-03-21 09:21:36 [INFO ] k.poly.controller.NoticeController - noticeYn : Y
2024-03-21 09:21:36 [INFO ] k.poly.controller.NoticeController - contents : 2
2024-03-21 09:21:36 [INFO ] k.poly.service.impl.NoticeService - kopo.poly.service.impl.NoticeService.InsertNoticeInfo Start!
2024-03-21 09:21:36 [INFO ] k.poly.service.impl.NoticeService - title : 2
2024-03-21 09:21:36 [INFO ] k.poly.service.impl.NoticeService - noticeYn : Y
2024-03-21 09:21:36 [INFO ] k.poly.service.impl.NoticeService - contents : 2
2024-03-21 09:21:36 [INFO ] k.poly.service.impl.NoticeService - userId : USER01
2024-03-21 09:21:36 [INFO ] k.poly.service.impl.NoticeService - kopo.poly.service.impl.NoticeService.InsertNoticeInfo End!
2024-03-21 09:21:36 [INFO ] k.poly.controller.NoticeController - kopo.poly.controller.NoticeController.noticeInsert End!
2024-03-21 09:21:37 [INFO ] k.poly.controller.NoticeController - kopo.poly.controller.NoticeController.noticeList Start!
2024-03-21 09:21:37 [INFO ] k.poly.service.impl.NoticeService - kopo.poly.service.impl.NoticeService.getNoticeList Start!
2024-03-21 09:21:37 [INFO ] k.poly.service.impl.NoticeService - kopo.poly.service.impl.NoticeService.getNoticeList End!
2024-03-21 09:21:37 [INFO ] k.poly.controller.NoticeController - kopo.poly.controller.NoticeController.noticeList End!
2024-03-21 09:22:58 [INFO ] kopo.poly.JpaClassPrjApplication - Starting JpaClassPrjApplication using Java 17.0.9 with PID 8312 (C:\JavaPRJ\JPAClassPRJ\build\classes\java\main started by data8316-19 in C:\JavaPRJ\JPAClassPRJ)
2024-03-21 09:22:58 [INFO ] kopo.poly.JpaClassPrjApplication - No active profile set, falling back to 1 default profile: "default"
2024-03-21 09:23:03 [INFO ] kopo.poly.JpaClassPrjApplication - Started JpaClassPrjApplication in 5.828 seconds (process running for 9.633)
2024-03-21 09:23:05 [INFO ] k.poly.controller.NoticeController - kopo.poly.controller.NoticeController.noticeList Start!
2024-03-21 09:23:05 [INFO ] k.poly.service.impl.NoticeService - kopo.poly.service.impl.NoticeService.getNoticeList Start!
2024-03-21 09:23:06 [INFO ] k.poly.service.impl.NoticeService - kopo.poly.service.impl.NoticeService.getNoticeList End!
2024-03-21 09:23:06 [INFO ] k.poly.controller.NoticeController - kopo.poly.controller.NoticeController.noticeList End!
2024-03-21 09:23:08 [INFO ] k.poly.controller.NoticeController - kopo.poly.controller.NoticeController.noticeList Start!
2024-03-21 09:23:08 [INFO ] k.poly.service.impl.NoticeService - kopo.poly.service.impl.NoticeService.getNoticeList Start!
2024-03-21 09:23:08 [INFO ] k.poly.service.impl.NoticeService - kopo.poly.service.impl.NoticeService.getNoticeList End!
2024-03-21 09:23:08 [INFO ] k.poly.controller.NoticeController - kopo.poly.controller.NoticeController.noticeList End!
2024-03-21 09:23:31 [INFO ] kopo.poly.JpaClassPrjApplication - Starting JpaClassPrjApplication using Java 17.0.9 with PID 15760 (C:\JavaPRJ\JPAClassPRJ\build\classes\java\main started by data8316-19 in C:\JavaPRJ\JPAClassPRJ)
2024-03-21 09:23:31 [INFO ] kopo.poly.JpaClassPrjApplication - No active profile set, falling back to 1 default profile: "default"
2024-03-21 09:23:37 [INFO ] kopo.poly.JpaClassPrjApplication - Started JpaClassPrjApplication in 5.946 seconds (process running for 7.099)
2024-03-21 09:23:37 [INFO ] k.poly.controller.NoticeController - kopo.poly.controller.NoticeController.noticeList Start!
2024-03-21 09:23:37 [INFO ] k.poly.service.impl.NoticeService - kopo.poly.service.impl.NoticeService.getNoticeList Start!
2024-03-21 09:23:37 [INFO ] k.poly.service.impl.NoticeService - kopo.poly.service.impl.NoticeService.getNoticeList End!
2024-03-21 09:23:37 [INFO ] k.poly.controller.NoticeController - kopo.poly.controller.NoticeController.noticeList End!
2024-03-21 09:25:21 [INFO ] kopo.poly.JpaClassPrjApplication - Starting JpaClassPrjApplication using Java 17.0.9 with PID 25520 (C:\JavaPRJ\JPAClassPRJ\build\classes\java\main started by data8316-19 in C:\JavaPRJ\JPAClassPRJ)
2024-03-21 09:25:21 [INFO ] kopo.poly.JpaClassPrjApplication - No active profile set, falling back to 1 default profile: "default"
2024-03-21 09:25:27 [INFO ] kopo.poly.JpaClassPrjApplication - Started JpaClassPrjApplication in 5.915 seconds (process running for 6.943)
2024-03-21 09:25:31 [INFO ] k.poly.controller.NoticeController - kopo.poly.controller.NoticeController.noticeList Start!
2024-03-21 09:25:31 [INFO ] k.poly.service.impl.NoticeService - kopo.poly.service.impl.NoticeService.getNoticeList Start!
2024-03-21 09:25:31 [INFO ] k.poly.service.impl.NoticeService - kopo.poly.service.impl.NoticeService.getNoticeList End!
2024-03-21 09:25:31 [INFO ] k.poly.controller.NoticeController - kopo.poly.controller.NoticeController.noticeList End!
2024-03-21 11:19:25 [INFO ] kopo.poly.JpaClassPrjApplication - Starting JpaClassPrjApplication using Java 17.0.9 with PID 22572 (C:\JavaPRJ\JPAClassPRJ\build\classes\java\main started by data8316-19 in C:\JavaPRJ\JPAClassPRJ)
2024-03-21 11:19:25 [INFO ] kopo.poly.JpaClassPrjApplication - No active profile set, falling back to 1 default profile: "default"
2024-03-21 11:19:30 [INFO ] kopo.poly.JpaClassPrjApplication - Started JpaClassPrjApplication in 5.591 seconds (process running for 7.405)
2024-03-21 11:21:48 [INFO ] kopo.poly.JpaClassPrjApplication - Starting JpaClassPrjApplication using Java 17.0.9 with PID 14068 (C:\JavaPRJ\JPAClassPRJ\build\classes\java\main started by data8316-19 in C:\JavaPRJ\JPAClassPRJ)
2024-03-21 11:21:48 [INFO ] kopo.poly.JpaClassPrjApplication - No active profile set, falling back to 1 default profile: "default"
2024-03-21 11:21:53 [INFO ] kopo.poly.JpaClassPrjApplication - Started JpaClassPrjApplication in 5.418 seconds (process running for 6.365)
2024-03-21 11:23:21 [INFO ] kopo.poly.JpaClassPrjApplication - Starting JpaClassPrjApplication using Java 17.0.9 with PID 27708 (C:\JavaPRJ\JPAClassPRJ\build\classes\java\main started by data8316-19 in C:\JavaPRJ\JPAClassPRJ)
2024-03-21 11:23:21 [INFO ] kopo.poly.JpaClassPrjApplication - No active profile set, falling back to 1 default profile: "default"
2024-03-21 11:23:27 [INFO ] kopo.poly.JpaClassPrjApplication - Started JpaClassPrjApplication in 5.893 seconds (process running for 6.964)
2024-03-21 11:23:37 [INFO ] k.poly.controller.NoticeController - kopo.poly.controller.NoticeController.noticeList Start!
2024-03-21 11:23:37 [INFO ] k.poly.service.impl.NoticeService - kopo.poly.service.impl.NoticeService.getNoticeList Start!
2024-03-21 11:23:37 [INFO ] k.poly.service.impl.NoticeService - kopo.poly.service.impl.NoticeService.getNoticeList End!
2024-03-21 11:23:37 [INFO ] k.poly.controller.NoticeController - kopo.poly.controller.NoticeController.noticeList End!
2024-03-21 11:26:48 [INFO ] kopo.poly.JpaClassPrjApplication - Starting JpaClassPrjApplication using Java 17.0.9 with PID 6232 (C:\JavaPRJ\JPAClassPRJ\build\classes\java\main started by data8316-19 in C:\JavaPRJ\JPAClassPRJ)
2024-03-21 11:26:48 [INFO ] kopo.poly.JpaClassPrjApplication - No active profile set, falling back to 1 default profile: "default"
2024-03-21 11:26:54 [INFO ] kopo.poly.JpaClassPrjApplication - Started JpaClassPrjApplication in 6.213 seconds (process running for 7.277)
2024-03-21 11:27:32 [INFO ] kopo.poly.JpaClassPrjApplication - Starting JpaClassPrjApplication using Java 17.0.9 with PID 26040 (C:\JavaPRJ\JPAClassPRJ\build\classes\java\main started by data8316-19 in C:\JavaPRJ\JPAClassPRJ)
2024-03-21 11:27:32 [INFO ] kopo.poly.JpaClassPrjApplication - No active profile set, falling back to 1 default profile: "default"
2024-03-21 11:27:38 [INFO ] kopo.poly.JpaClassPrjApplication - Started JpaClassPrjApplication in 6.37 seconds (process running for 7.415)
